[GO] [36m INFO[0m 2020-12-16 22:28:17 fd81cd0c-eb24-456b-9d62-b6e7c29117cb ● 200 |      16.691ms |    127.0.0.1 | GET /v1/tags/3  
 [(user_agent=PostmanRuntime/7.26.8 request_body=)]
 --------------------------------
[GO] [31mERROR[0m 2020-12-16 22:28:51 feaf1c8d-04bc-44de-a597-5868724d268c ▲ 500 |         241µs |    127.0.0.1 | GET /v1/tags/d  
 
 [(user_agent=PostmanRuntime/7.26.8 request_body= error_0=strconv.Atoi: parsing "d": invalid syntax
c.Param is not Valid: d
github/akalitt/go-errors-example/api.(*TagAPI).GetByID
	/Users/sin/hey/Go-000/Week04/go-api-example/api/tag.go:54
github.com/gin-gonic/gin.(*Context).Next
	/Users/sin/go/pkg/mod/github.com/gin-gonic/gin@v1.6.3/context.go:161
github/akalitt/go-errors-example/middleware.Logging.func1
	/Users/sin/hey/Go-000/Week04/go-api-example/middleware/logging.go:34
github.com/gin-gonic/gin.(*Context).Next
	/Users/sin/go/pkg/mod/github.com/gin-gonic/gin@v1.6.3/context.go:161
github/akalitt/go-errors-example/pkg/header.RequestId
	/Users/sin/hey/Go-000/Week04/go-api-example/pkg/header/header.go:59
github.com/gin-gonic/gin.(*Context).Next
	/Users/sin/go/pkg/mod/github.com/gin-gonic/gin@v1.6.3/context.go:161
github/akalitt/go-errors-example/pkg/header.Options
	/Users/sin/hey/Go-000/Week04/go-api-example/pkg/header/header.go:27
github.com/gin-gonic/gin.(*Context).Next
	/Users/sin/go/pkg/mod/github.com/gin-gonic/gin@v1.6.3/context.go:161
github/akalitt/go-errors-example/pkg/header.NoCache
	/Users/sin/hey/Go-000/Week04/go-api-example/pkg/header/header.go:18
github.com/gin-gonic/gin.(*Context).Next
	/Users/sin/go/pkg/mod/github.com/gin-gonic/gin@v1.6.3/context.go:161
github.com/gin-gonic/gin.RecoveryWithWriter.func1
	/Users/sin/go/pkg/mod/github.com/gin-gonic/gin@v1.6.3/recovery.go:83
github.com/gin-gonic/gin.(*Context).Next
	/Users/sin/go/pkg/mod/github.com/gin-gonic/gin@v1.6.3/context.go:161
github.com/gin-gonic/gin.RecoveryWithWriter.func1
	/Users/sin/go/pkg/mod/github.com/gin-gonic/gin@v1.6.3/recovery.go:83
github.com/gin-gonic/gin.(*Context).Next
	/Users/sin/go/pkg/mod/github.com/gin-gonic/gin@v1.6.3/context.go:161
github.com/gin-gonic/gin.LoggerWithConfig.func1
	/Users/sin/go/pkg/mod/github.com/gin-gonic/gin@v1.6.3/logger.go:241
github.com/gin-gonic/gin.(*Context).Next
	/Users/sin/go/pkg/mod/github.com/gin-gonic/gin@v1.6.3/context.go:161
github.com/gin-gonic/gin.(*Engine).handleHTTPRequest
	/Users/sin/go/pkg/mod/github.com/gin-gonic/gin@v1.6.3/gin.go:409
github.com/gin-gonic/gin.(*Engine).ServeHTTP
	/Users/sin/go/pkg/mod/github.com/gin-gonic/gin@v1.6.3/gin.go:367
net/http.serverHandler.ServeHTTP
	/usr/local/Cellar/go/1.14.2_1/libexec/src/net/http/server.go:2807
net/http.(*conn).serve
	/usr/local/Cellar/go/1.14.2_1/libexec/src/net/http/server.go:1895
runtime.goexit
	/usr/local/Cellar/go/1.14.2_1/libexec/src/runtime/asm_amd64.s:1373)]
 --------------------------------
